Build started 5/8/2013 4:45:45 PM.
     1>Project "D:\VsProjects\RobertUtil\CProgramming\CProgramming.vcxproj" on node 2 (build target(s)).
     1>InitializeBuildStatus:
         Creating "Debug\CProgramming.unsuccessfulbuild" because "AlwaysCreate" was specified.
       ClCompile:
         C:\Program Files (x86)\Microsoft Visual Studio 10.0\VC\bin\CL.exe /c /ZI /nologo /W3 /WX- /Od /Oy- /D _MBCS /Gm /EHsc /RTC1 /MDd /GS /fp:precise /Zc:wchar_t /Zc:forScope /Fo"Debug\\" /Fd"Debug\vc100.pdb" /Gd /TP /analyze- /errorReport:prompt First.cpp strcat.cpp
         strcat.cpp
         First.cpp
         Generating Code...
       Link:
         C:\Program Files (x86)\Microsoft Visual Studio 10.0\VC\bin\link.exe /ERRORREPORT:PROMPT /OUT:"D:\VsProjects\RobertUtil\Debug\CProgramming.exe" /NOLOGO kernel32.lib user32.lib gdi32.lib winspool.lib comdlg32.lib advapi32.lib shell32.lib ole32.lib oleaut32.lib uuid.lib odbc32.lib odbccp32.lib /MANIFEST /ManifestFile:"Debug\CProgramming.exe.intermediate.manifest" /MANIFESTUAC:"level='asInvoker' uiAccess='false'" /DEBUG /PDB:"D:\VsProjects\RobertUtil\Debug\CProgramming.pdb" /TLBID:1 /DYNAMICBASE /NXCOMPAT /IMPLIB:"D:\VsProjects\RobertUtil\Debug\CProgramming.lib" /MACHINE:X86 Debug\First.obj
         Debug\strcat.obj
         LINK : D:\VsProjects\RobertUtil\Debug\CProgramming.exe not found or not built by the last incremental link; performing full link
         CProgramming.vcxproj -> D:\VsProjects\RobertUtil\Debug\CProgramming.exe
       Manifest:
         C:\Program Files (x86)\Microsoft SDKs\Windows\v7.0A\bin\mt.exe /nologo /verbose /outputresource:"D:\VsProjects\RobertUtil\Debug\CProgramming.exe;#1" /manifest Debug\CProgramming.exe.intermediate.manifest
       FinalizeBuildStatus:
         Deleting file "Debug\CProgramming.unsuccessfulbuild".
         Touching "Debug\CProgramming.lastbuildstate".
     1>Done Building Project "D:\VsProjects\RobertUtil\CProgramming\CProgramming.vcxproj" (build target(s)).

Build succeeded.

Time Elapsed 00:00:00.55
